<?xml version="1.0" encoding="UTF-8"?>
<!-- Generated by org.testng.reporters.JUnitReportReporter -->
<testsuite hostname="TYSS-Piyush-Baldaniya" failures="0" tests="1" name="typesOfExecution.Demo1" time="3.431" errors="0" timestamp="2025-05-28T15:11:04 IST" skipped="0">
  <testcase classname="typesOfExecution.Demo1" name="add" time="3.431">
    <system-out>
      <![CDATA[Demo1 class]]>
    </system-out>
  </testcase> <!-- add -->
  <system-out>
    <![CDATA[Demo1 class
Demo3 class
Demo4 class
Demo2 class]]>
  </system-out>
</testsuite> <!-- typesOfExecution.Demo1 -->
