<?xml version="1.0" encoding="UTF-8"?>
<!-- Generated by org.testng.reporters.JUnitReportReporter -->
<testsuite hostname="TYSS-Piyush-Baldaniya" failures="0" tests="1" name="configuration.Demo2" time="0.013" errors="0" timestamp="2025-05-29T15:19:44 IST" skipped="0">
  <testcase classname="configuration.Demo2" name="demo2" time="0.013"/>
</testsuite> <!-- configuration.Demo2 -->
