<?xml version="1.0" encoding="UTF-8"?>
<!-- Generated by org.testng.reporters.JUnitReportReporter -->
<testsuite hostname="TYSS-Piyush-Baldaniya" failures="0" tests="1" name="configuration.CreateOrgTest" time="0.008" errors="0" timestamp="2025-05-29T15:31:05 IST" skipped="0">
  <testcase classname="configuration.CreateOrgTest" name="demo1" time="0.008"/>
</testsuite> <!-- configuration.CreateOrgTest -->
