<?xml version="1.0" encoding="UTF-8"?>
<!-- Generated by org.testng.reporters.JUnitReportReporter -->
<testsuite hostname="TYSS-Piyush-Baldaniya" failures="0" tests="7" name="configuration.CrmTest" time="0.028" errors="0" timestamp="2025-05-30T15:04:48 IST" skipped="1">
  <testcase classname="configuration.CrmTest" name="modify" time="0.002"/>
  <testcase classname="configuration.CrmTest" name="add" time="0.004"/>
  <testcase classname="configuration.CrmTest" name="add" time="0.003"/>
  <testcase classname="configuration.CrmTest" name="add" time="0.002"/>
  <testcase classname="configuration.CrmTest" name="add" time="0.013"/>
  <testcase classname="configuration.CrmTest" name="add" time="0.004"/>
  <testcase classname="configuration.CrmTest" name="delete">
    <skipped/>
  </testcase> <!-- delete -->
</testsuite> <!-- configuration.CrmTest -->
