<?xml version="1.0" encoding="UTF-8"?>
<!-- Generated by org.testng.reporters.JUnitReportReporter -->
<testsuite hostname="TYSS-Piyush-Baldaniya" failures="0" tests="1" name="typesOfExecution.Demo4" time="2.008" errors="0" timestamp="2025-05-28T16:39:00 IST" skipped="0">
  <testcase classname="typesOfExecution.Demo4" name="div" time="2.008">
    <system-out>
      <![CDATA[Demo4 class]]>
    </system-out>
  </testcase> <!-- div -->
  <system-out>
    <![CDATA[Demo4 class
Demo3 class
Demo2 class]]>
  </system-out>
</testsuite> <!-- typesOfExecution.Demo4 -->
