<?xml version="1.0" encoding="UTF-8"?>
<!-- Generated by org.testng.reporters.JUnitReportReporter -->
<testsuite hostname="TYSS-Piyush-Baldaniya" failures="0" tests="3" name="extra.WorkingWithAdvanceReports" time="0.019" errors="0" timestamp="2025-06-02T14:52:54 IST" skipped="0">
  <testcase classname="extra.WorkingWithAdvanceReports" name="case3" time="0.002"/>
  <testcase classname="extra.WorkingWithAdvanceReports" name="case2" time="0.004"/>
  <testcase classname="extra.WorkingWithAdvanceReports" name="case1" time="0.013"/>
</testsuite> <!-- extra.WorkingWithAdvanceReports -->
