<?xml version="1.0" encoding="UTF-8"?>
<!-- Generated by org.testng.reporters.JUnitReportReporter -->
<testsuite hostname="TYSS-Piyush-Baldaniya" failures="0" tests="1" name="typesOfExecution.Demo2" time="1.606" errors="0" timestamp="2025-05-28T16:39:00 IST" skipped="0">
  <testcase classname="typesOfExecution.Demo2" name="sub" time="1.606">
    <system-out>
      <![CDATA[Demo2 class]]>
    </system-out>
  </testcase> <!-- sub -->
  <system-out>
    <![CDATA[Demo4 class
Demo3 class
Demo2 class]]>
  </system-out>
</testsuite> <!-- typesOfExecution.Demo2 -->
