<?xml version="1.0" encoding="UTF-8"?>
<!-- Generated by org.testng.reporters.JUnitReportReporter -->
<testsuite hostname="TYSS-Piyush-Baldaniya" failures="0" tests="1" name="configuration.CreateLeadsTest" time="0.009" errors="0" timestamp="2025-05-29T15:30:56 IST" skipped="0">
  <testcase classname="configuration.CreateLeadsTest" name="demo3" time="0.009"/>
</testsuite> <!-- configuration.CreateLeadsTest -->
