<?xml version="1.0" encoding="UTF-8"?>
<!-- Generated by org.testng.reporters.JUnitReportReporter -->
<testsuite hostname="TYSS-Piyush-Baldaniya" failures="0" tests="1" name="contactTest.CreateConTest" time="10.245" errors="0" timestamp="2025-05-29T16:57:10 IST" skipped="0">
  <testcase classname="contactTest.CreateConTest" name="createConTest" time="10.245"/>
</testsuite> <!-- contactTest.CreateConTest -->
