<?xml version="1.0" encoding="UTF-8"?>
<!-- Generated by org.testng.reporters.JUnitReportReporter -->
<testsuite hostname="TYSS-Piyush-Baldaniya" failures="0" tests="1" name="contactTest.CreateConTest" time="17.075" errors="0" timestamp="2025-05-28T15:00:57 IST" skipped="0">
  <testcase classname="contactTest.CreateConTest" name="createOrgTest" time="17.075"/>
</testsuite> <!-- contactTest.CreateConTest -->
