<?xml version="1.0" encoding="UTF-8"?>
<!-- Generated by org.testng.reporters.JUnitReportReporter -->
<testsuite hostname="TYSS-Piyush-Baldaniya" failures="0" tests="1" name="configuration.Demo3" time="0.010" errors="0" timestamp="2025-05-29T15:19:50 IST" skipped="0">
  <testcase classname="configuration.Demo3" name="demo3" time="0.010"/>
</testsuite> <!-- configuration.Demo3 -->
