<?xml version="1.0" encoding="UTF-8"?>
<!-- Generated by org.testng.reporters.JUnitReportReporter -->
<testsuite hostname="TYSS-Piyush-Baldaniya" failures="0" tests="1" name="configuration.Ann" time="0.010" errors="0" timestamp="2025-05-29T15:16:51 IST" skipped="0">
  <testcase classname="configuration.Ann" name="demo2" time="0.010">
    <system-out>
      <![CDATA[Test Method]]>
    </system-out>
  </testcase> <!-- demo2 -->
  <system-out>
    <![CDATA[Test Method]]>
  </system-out>
</testsuite> <!-- configuration.Ann -->
